[    0.000000] Linux version 4.15.0-212-generic (buildd@lcy02-amd64-083) (gcc version 7.5.0 (Ubuntu 7.5.0-3ubuntu1~18.04)) #223-Ubuntu SMP Tue May 23 13:09:22 UTC 2023 (Ubuntu 4.15.0-212.223-generic 4.15.18)
[    0.000000] Command line: BOOT_IMAGE=/boot/vmlinuz-4.15.0-212-generic root=LABEL=cloudimg-rootfs ro console=tty1 console=ttyS0
[    0.000000] KERNEL supported cpus:
[    0.000000]   Intel GenuineIntel
[    0.000000]   AMD AuthenticAMD
[    0.000000]   Centaur CentaurHauls
[    0.000000] x86/fpu: x87 FPU will use FXSAVE
[    0.000000] e820: BIOS-provided physical RAM map:
[    0.000000] BIOS-e820: [mem 0x0000000000000000-0x000000000009fbff] usable
[    0.000000] BIOS-e820: [mem 0x000000000009fc00-0x000000000009ffff] reserved
[    0.000000] BIOS-e820: [mem 0x00000000000f0000-0x00000000000fffff] reserved
[    0.000000] BIOS-e820: [mem 0x0000000000100000-0x000000001ffeffff] usable
[    0.000000] BIOS-e820: [mem 0x000000001fff0000-0x000000001fffffff] ACPI data
[    0.000000] BIOS-e820: [mem 0x00000000fec00000-0x00000000fec00fff] reserved
[    0.000000] BIOS-e820: [mem 0x00000000fee00000-0x00000000fee00fff] reserved
[    0.000000] BIOS-e820: [mem 0x00000000fffc0000-0x00000000ffffffff] reserved
[    0.000000] NX (Execute Disable) protection: active
[    0.000000] SMBIOS 2.5 present.
[    0.000000] DMI: innotek GmbH VirtualBox/VirtualBox, BIOS VirtualBox 12/01/2006
[    0.000000] Hypervisor detected: KVM
[    0.000000] e820: last_pfn = 0x1fff0 max_arch_pfn = 0x400000000
[    0.000000] x86/PAT: Configuration [0-7]: WB  WC  UC- UC  WB  WP  UC- WT  
[    0.000000] CPU MTRRs all blank - virtualized system.
[    0.000000] found SMP MP-table at [mem 0x0009fbf0-0x0009fbff]
[    0.000000] Scanning 1 areas for low memory corruption
[    0.000000] RAMDISK: [mem 0x1db01000-0x1ee12fff]
[    0.000000] ACPI: Early table checksum verification disabled
[    0.000000] ACPI: RSDP 0x00000000000E0000 000024 (v02 VBOX  )
[    0.000000] ACPI: XSDT 0x000000001FFF0030 00003C (v01 VBOX   VBOXXSDT 00000001 ASL  00000061)
[    0.000000] ACPI: FACP 0x000000001FFF00F0 0000F4 (v04 VBOX   VBOXFACP 00000001 ASL  00000061)
[    0.000000] ACPI: DSDT 0x000000001FFF0610 002353 (v02 VBOX   VBOXBIOS 00000002 INTL 20100528)
[    0.000000] ACPI: FACS 0x000000001FFF0200 000040
[    0.000000] ACPI: FACS 0x000000001FFF0200 000040
[    0.000000] ACPI: APIC 0x000000001FFF0240 000054 (v02 VBOX   VBOXAPIC 00000001 ASL  00000061)
[    0.000000] ACPI: SSDT 0x000000001FFF02A0 00036C (v01 VBOX   VBOXCPUT 00000002 INTL 20100528)
[    0.000000] ACPI: Reserving FACP table memory at [mem 0x1fff00f0-0x1fff01e3]
[    0.000000] ACPI: Reserving DSDT table memory at [mem 0x1fff0610-0x1fff2962]
[    0.000000] ACPI: Reserving FACS table memory at [mem 0x1fff0200-0x1fff023f]
[    0.000000] ACPI: Reserving FACS table memory at [mem 0x1fff0200-0x1fff023f]
[    0.000000] ACPI: Reserving APIC table memory at [mem 0x1fff0240-0x1fff0293]
[    0.000000] ACPI: Reserving SSDT table memory at [mem 0x1fff02a0-0x1fff060b]
[    0.000000] No NUMA configuration found
[    0.000000] Faking a node at [mem 0x0000000000000000-0x000000001ffeffff]
[    0.000000] NODE_DATA(0) allocated [mem 0x1ffc5000-0x1ffeffff]
[    0.000000] kvm-clock: cpu 0, msr 0:1ff44001, primary cpu clock
[    0.000000] kvm-clock: Using msrs 4b564d01 and 4b564d00
[    0.000000] kvm-clock: using sched offset of 3825175100 cycles
[    0.000000] clocksource: kvm-clock: mask: 0xffffffffffffffff max_cycles: 0x1cd42e4dffb, max_idle_ns: 881590591483 ns
[    0.000000] Zone ranges:
[    0.000000]   DMA      [mem 0x0000000000001000-0x0000000000ffffff]
[    0.000000]   DMA32    [mem 0x0000000001000000-0x000000001ffeffff]
[    0.000000]   Normal   empty
[    0.000000]   Device   empty
[    0.000000] Movable zone start for each node
[    0.000000] Early memory node ranges
[    0.000000]   node   0: [mem 0x0000000000001000-0x000000000009efff]
[    0.000000]   node   0: [mem 0x0000000000100000-0x000000001ffeffff]
[    0.000000] Reserved but unavailable: 104 pages
[    0.000000] Initmem setup node 0 [mem 0x0000000000001000-0x000000001ffeffff]
[    0.000000] ACPI: PM-Timer IO Port: 0x4008
[    0.000000] IOAPIC[0]: apic_id 1, version 32, address 0xfec00000, GSI 0-23
[    0.000000] ACPI: INT_SRC_OVR (bus 0 bus_irq 0 global_irq 2 dfl dfl)
[    0.000000] ACPI: INT_SRC_OVR (bus 0 bus_irq 9 global_irq 9 low level)
[    0.000000] Using ACPI (MADT) for SMP configuration information
[    0.000000] smpboot: Allowing 1 CPUs, 0 hotplug CPUs
[    0.000000] PM: Registered nosave memory: [mem 0x00000000-0x00000fff]
[    0.000000] PM: Registered nosave memory: [mem 0x0009f000-0x0009ffff]
[    0.000000] PM: Registered nosave memory: [mem 0x000a0000-0x000effff]
[    0.000000] PM: Registered nosave memory: [mem 0x000f0000-0x000fffff]
[    0.000000] e820: [mem 0x20000000-0xfebfffff] available for PCI devices
[    0.000000] Booting paravirtualized kernel on KVM
[    0.000000] clocksource: refined-jiffies: mask: 0xffffffff max_cycles: 0xffffffff, max_idle_ns: 7645519600211568 ns
[    0.000000] setup_percpu: NR_CPUS:8192 nr_cpumask_bits:1 nr_cpu_ids:1 nr_node_ids:1
[    0.000000] percpu: Embedded 50 pages/cpu s167936 r8192 d28672 u2097152
[    0.000000] PV qspinlock hash table entries: 256 (order: 0, 4096 bytes)
[    0.000000] Built 1 zonelists, mobility grouping on.  Total pages: 128889
[    0.000000] Policy zone: DMA32
[    0.000000] Kernel command line: BOOT_IMAGE=/boot/vmlinuz-4.15.0-212-generic root=LABEL=cloudimg-rootfs ro console=tty1 console=ttyS0
[    0.000000] Memory: 466748K/523832K available (12300K kernel code, 2477K rwdata, 4324K rodata, 2480K init, 2720K bss, 57084K reserved, 0K cma-reserved)
[    0.000000] SLUB: HWalign=64, Order=0-3, MinObjects=0, CPUs=1, Nodes=1
[    0.000000] Kernel/User page tables isolation: enabled
[    0.000000] ftrace: allocating 39508 entries in 155 pages
[    0.004000] Hierarchical RCU implementation.
[    0.004000] 	RCU restricting CPUs from NR_CPUS=8192 to nr_cpu_ids=1.
[    0.004000] 	Tasks RCU enabled.
[    0.004000] RCU: Adjusting geometry for rcu_fanout_leaf=16, nr_cpu_ids=1
[    0.004000] NR_IRQS: 524544, nr_irqs: 256, preallocated irqs: 16
[    0.004000] random: crng init done
[    0.004000] Console: colour VGA+ 80x25
[    0.004000] console [tty1] enabled
[    0.004000] console [ttyS0] enabled
[    0.004000] ACPI: Core revision 20170831
[    0.004000] ACPI: 2 ACPI AML tables successfully acquired and loaded
[    0.004000] APIC: Switch to symmetric I/O mode setup
[    0.008000] ..TIMER: vector=0x30 apic1=0 pin1=2 apic2=-1 pin2=-1
[    0.008005] tsc: Detected 3695.996 MHz processor
[    0.012018] Calibrating delay loop (skipped) preset value.. 7391.99 BogoMIPS (lpj=14783984)
[    0.016002] pid_max: default: 32768 minimum: 301
[    0.020027] Security Framework initialized
[    0.024003] Yama: becoming mindful.
[    0.028022] AppArmor: AppArmor initialized
[    0.032069] Dentry cache hash table entries: 65536 (order: 7, 524288 bytes)
[    0.036038] Inode-cache hash table entries: 32768 (order: 6, 262144 bytes)
[    0.040014] Mount-cache hash table entries: 1024 (order: 1, 8192 bytes)
[    0.044005] Mountpoint-cache hash table entries: 1024 (order: 1, 8192 bytes)
[    0.052855] Last level iTLB entries: 4KB 64, 2MB 8, 4MB 8
[    0.056003] Last level dTLB entries: 4KB 64, 2MB 0, 4MB 0, 1GB 4
[    0.060003] Spectre V1 : Mitigation: usercopy/swapgs barriers and __user pointer sanitization
[    0.064002] Spectre V2 : Mitigation: Retpolines
[    0.068002] Spectre V2 : Spectre v2 / SpectreRSB mitigation: Filling RSB on context switch
[    0.072002] Spectre V2 : Spectre v2 / SpectreRSB : Filling RSB on VMEXIT
[    0.076002] RETBleed: WARNING: Spectre v2 mitigation leaves CPU vulnerable to RETBleed attacks, data leaks possible!
[    0.080007] RETBleed: Vulnerable
[    0.084008] Speculative Store Bypass: Vulnerable
[    0.088077] MDS: Mitigation: Clear CPU buffers
[    0.092002] MMIO Stale Data: Mitigation: Clear CPU buffers
[    0.096003] SRBDS: Unknown: Dependent on hypervisor status
[    0.107194] Freeing SMP alternatives memory: 36K
[    0.216418] smpboot: CPU0: Intel(R) Core(TM) i7-8700K CPU @ 3.70GHz (family: 0x6, model: 0x9e, stepping: 0xa)
[    0.220063] Performance Events: unsupported p6 CPU model 158 no PMU driver, software events only.
[    0.224032] Hierarchical SRCU implementation.
[    0.228416] NMI watchdog: Perf event create on CPU 0 failed with -2
[    0.232003] NMI watchdog: Perf NMI watchdog permanently disabled
[    0.236036] smp: Bringing up secondary CPUs ...
[    0.240003] smp: Brought up 1 node, 1 CPU
[    0.244003] smpboot: Max logical packages: 1
[    0.248002] smpboot: Total of 1 processors activated (7391.99 BogoMIPS)
[    0.252210] devtmpfs: initialized
[    0.256044] x86/mm: Memory block size: 128MB
[    0.260140] evm: security.selinux
[    0.264010] evm: security.SMACK64
[    0.268005] evm: security.SMACK64EXEC
[    0.272002] evm: security.SMACK64TRANSMUTE
[    0.276006] evm: security.SMACK64MMAP
[    0.280003] evm: security.apparmor
[    0.284002] evm: security.ima
[    0.286724] evm: security.capability
[    0.288125] clocksource: jiffies: mask: 0xffffffff max_cycles: 0xffffffff, max_idle_ns: 7645041785100000 ns
[    0.292020] futex hash table entries: 256 (order: 2, 16384 bytes)
[    0.296061] pinctrl core: initialized pinctrl subsystem
[    0.300383] RTC time: 22:14:47, date: 11/10/24
[    0.304101] NET: Registered protocol family 16
[    0.308052] audit: initializing netlink subsys (disabled)
[    0.312094] cpuidle: using governor ladder
[    0.316013] audit: type=2000 audit(1731276892.974:1): state=initialized audit_enabled=0 res=1
[    0.320008] cpuidle: using governor menu
[    0.324046] ACPI: bus type PCI registered
[    0.328004] acpiphp: ACPI Hot Plug PCI Controller Driver version: 0.5
[    0.336167] PCI: Using configuration type 1 for base access
[    0.340859] HugeTLB registered 2.00 MiB page size, pre-allocated 0 pages
[    0.344165] ACPI: Added _OSI(Module Device)
[    0.348005] ACPI: Added _OSI(Processor Device)
[    0.351658] ACPI: Added _OSI(3.0 _SCP Extensions)
[    0.352002] ACPI: Added _OSI(Processor Aggregator Device)
[    0.356016] ACPI: Added _OSI(Linux-Dell-Video)
[    0.360016] ACPI: Added _OSI(Linux-Lenovo-NV-HDMI-Audio)
[    0.364002] ACPI: Added _OSI(Linux-HPI-Hybrid-Graphics)
[    0.368803] ACPI: Executed 1 blocks of module-level executable AML code
[    0.379798] ACPI: Interpreter enabled
[    0.380010] ACPI: (supports S0 S5)
[    0.384002] ACPI: Using IOAPIC for interrupt routing
[    0.388421] PCI: Using host bridge windows from ACPI; if necessary, use "pci=nocrs" and report a bug
[    0.392240] ACPI: Enabled 2 GPEs in block 00 to 07
[    0.409180] ACPI: PCI Root Bridge [PCI0] (domain 0000 [bus 00-ff])
[    0.412006] acpi PNP0A03:00: _OSC: OS supports [ASPM ClockPM Segments MSI]
[    0.416791] acpi PNP0A03:00: _OSC: not requesting OS control; OS requires [ExtendedConfig ASPM ClockPM MSI]
[    0.420012] acpi PNP0A03:00: fail to add MMCONFIG information, can't access extended PCI configuration space under this bridge.
[    0.424718] PCI host bridge to bus 0000:00
[    0.428003] pci_bus 0000:00: root bus resource [io  0x0000-0x0cf7 window]
[    0.432003] pci_bus 0000:00: root bus resource [io  0x0d00-0xffff window]
[    0.436007] pci_bus 0000:00: root bus resource [mem 0x000a0000-0x000bffff window]
[    0.440003] pci_bus 0000:00: root bus resource [mem 0x20000000-0xfdffffff window]
[    0.444003] pci_bus 0000:00: root bus resource [bus 00-ff]
[    0.457524] pci 0000:00:01.1: legacy IDE quirk: reg 0x10: [io  0x01f0-0x01f7]
[    0.460002] pci 0000:00:01.1: legacy IDE quirk: reg 0x14: [io  0x03f6]
[    0.464005] pci 0000:00:01.1: legacy IDE quirk: reg 0x18: [io  0x0170-0x0177]
[    0.468002] pci 0000:00:01.1: legacy IDE quirk: reg 0x1c: [io  0x0376]
[    0.493692] pci 0000:00:07.0: quirk: [io  0x4000-0x403f] claimed by PIIX4 ACPI
[    0.496036] pci 0000:00:07.0: quirk: [io  0x4100-0x410f] claimed by PIIX4 SMB
[    0.508670] ACPI: PCI Interrupt Link [LNKA] (IRQs 5 9 10 *11)
[    0.512572] ACPI: PCI Interrupt Link [LNKB] (IRQs 5 9 *10 11)
[    0.516206] ACPI: PCI Interrupt Link [LNKC] (IRQs 5 *9 10 11)
[    0.520212] ACPI: PCI Interrupt Link [LNKD] (IRQs 5 9 10 *11)
[    0.524337] SCSI subsystem initialized
[    0.528090] pci 0000:00:02.0: vgaarb: setting as boot VGA device
[    0.532000] pci 0000:00:02.0: vgaarb: VGA device added: decodes=io+mem,owns=io+mem,locks=none
[    0.532006] pci 0000:00:02.0: vgaarb: bridge control possible
[    0.536002] vgaarb: loaded
[    0.540039] ACPI: bus type USB registered
[    0.544021] usbcore: registered new interface driver usbfs
[    0.548011] usbcore: registered new interface driver hub
[    0.552009] usbcore: registered new device driver usb
[    0.556063] EDAC MC: Ver: 3.0.0
[    0.560649] PCI: Using ACPI for IRQ routing
[    0.564712] NetLabel: Initializing
[    0.568002] NetLabel:  domain hash size = 128
[    0.571679] NetLabel:  protocols = UNLABELED CIPSOv4 CALIPSO
[    0.572023] NetLabel:  unlabeled traffic allowed by default
[    0.576117] clocksource: Switched to clocksource kvm-clock
[    0.615525] VFS: Disk quotas dquot_6.6.0
[    0.619482] VFS: Dquot-cache hash table entries: 512 (order 0, 4096 bytes)
[    0.625503] AppArmor: AppArmor Filesystem Enabled
[    0.629807] pnp: PnP ACPI init
[    0.634173] pnp: PnP ACPI: found 3 devices
[    0.645030] clocksource: acpi_pm: mask: 0xffffff max_cycles: 0xffffff, max_idle_ns: 2085701024 ns
[    0.652565] NET: Registered protocol family 2
[    0.656396] IP idents hash table entries: 8192 (order: 4, 65536 bytes)
[    0.662502] TCP established hash table entries: 4096 (order: 3, 32768 bytes)
[    0.668699] TCP bind hash table entries: 4096 (order: 4, 65536 bytes)
[    0.674024] TCP: Hash tables configured (established 4096 bind 4096)
[    0.679567] UDP hash table entries: 256 (order: 1, 8192 bytes)
[    0.684826] UDP-Lite hash table entries: 256 (order: 1, 8192 bytes)
[    0.690554] NET: Registered protocol family 1
[    0.694210] pci 0000:00:00.0: Limiting direct PCI/PCI transfers
[    0.699196] pci 0000:00:01.0: Activating ISA DMA hang workarounds
[    0.704349] pci 0000:00:02.0: Video device with shadowed ROM at [mem 0x000c0000-0x000dffff]
[    0.711651] Unpacking initramfs...
[    1.120010] Freeing initrd memory: 19528K
[    1.124563] clocksource: tsc: mask: 0xffffffffffffffff max_cycles: 0x6a8d1fbf22a, max_idle_ns: 881590537935 ns
[    1.132968] platform rtc_cmos: registered platform RTC device (no PNP device found)
[    1.140089] Scanning for low memory corruption every 60 seconds
[    1.146053] Initialise system trusted keyrings
[    1.150167] Key type blacklist registered
[    1.153953] workingset: timestamp_bits=36 max_order=17 bucket_order=0
[    1.161283] zbud: loaded
[    1.164701] squashfs: version 4.0 (2009/01/31) Phillip Lougher
[    1.169862] fuse init (API version 7.26)
[    1.175323] Key type asymmetric registered
[    1.179016] Asymmetric key parser 'x509' registered
[    1.183387] Block layer SCSI generic (bsg) driver version 0.4 loaded (major 246)
[    1.189775] io scheduler noop registered
[    1.193821] io scheduler deadline registered
[    1.197410] io scheduler cfq registered (default)
[    1.201869] ACPI: AC Adapter [AC] (on-line)
[    1.205449] input: Power Button as /devices/LNXSYSTM:00/LNXPWRBN:00/input/input0
[    1.211435] ACPI: Power Button [PWRF]
[    1.214726] input: Sleep Button as /devices/LNXSYSTM:00/LNXSLPBN:00/input/input1
[    1.220756] ACPI: Sleep Button [SLPF]
[    1.224174] Serial: 8250/16550 driver, 32 ports, IRQ sharing enabled
[    1.260178] 00:02: ttyS0 at I/O 0x3f8 (irq = 4, base_baud = 115200) is a 16550A
[    1.269562] Linux agpgart interface v0.103
[    1.276570] loop: module loaded
[    1.281744] scsi host0: ata_piix
[    1.284854] scsi host1: ata_piix
[    1.287773] ata1: PATA max UDMA/33 cmd 0x1f0 ctl 0x3f6 bmdma 0xd000 irq 14
[    1.293215] ata2: PATA max UDMA/33 cmd 0x170 ctl 0x376 bmdma 0xd008 irq 15
[    1.300848] tun: Universal TUN/TAP device driver, 1.6
[    1.305144] PPP generic driver version 2.4.2
[    1.308929] ehci_hcd: USB 2.0 'Enhanced' Host Controller (EHCI) Driver
[    1.314135] ehci-pci: EHCI PCI platform driver
[    1.317982] ehci-platform: EHCI generic platform driver
[    1.322275] ohci_hcd: USB 1.1 'Open' Host Controller (OHCI) Driver
[    1.327175] ohci-pci: OHCI PCI platform driver
[    1.331137] ohci-platform: OHCI generic platform driver
[    1.335405] uhci_hcd: USB Universal Host Controller Interface driver
[    1.340466] i8042: PNP: PS/2 Controller [PNP0303:PS2K,PNP0f03:PS2M] at 0x60,0x64 irq 1,12
[    1.349896] serio: i8042 KBD port at 0x60,0x64 irq 1
[    1.354588] serio: i8042 AUX port at 0x60,0x64 irq 12
[    1.358743] mousedev: PS/2 mouse device common for all mice
[    1.364723] input: AT Translated Set 2 keyboard as /devices/platform/i8042/serio0/input/input2
[    1.373251] rtc_cmos rtc_cmos: rtc core: registered rtc_cmos as rtc0
[    1.379749] rtc_cmos rtc_cmos: alarms up to one day, 114 bytes nvram
[    1.385302] i2c /dev entries driver
[    1.388272] device-mapper: uevent: version 1.0.3
[    1.391948] device-mapper: ioctl: 4.37.0-ioctl (2017-09-20) initialised: dm-devel@redhat.com
[    1.399000] ledtrig-cpu: registered to indicate activity on CPUs
[    1.404370] NET: Registered protocol family 10
[    1.412511] Segment Routing with IPv6
[    1.415879] NET: Registered protocol family 17
[    1.419828] Key type dns_resolver registered
[    1.423543] mce: Using 0 MCE banks
[    1.426476] RAS: Correctable Errors collector initialized.
[    1.431004] sched_clock: Marking stable (1430952843, 0)->(2110122629, -679169786)
[    1.437080] registered taskstats version 1
[    1.440894] Loading compiled-in X.509 certificates
[    1.447333] Loaded X.509 cert 'Build time autogenerated kernel key: b5b26778eaa3ab3a4a6cee031137706e947d12ad'
[    1.455889] Loaded X.509 cert 'Canonical Ltd. Live Patch Signing: 14df34d1a87cf37625abec039ef2bf521249b969'
[    1.518120] Loaded X.509 cert 'Canonical Ltd. Kernel Module Signing: 88f752e560a1e0737e31163a466ad7b70a850c19'
[    1.526570] blacklist: Loading compiled-in revocation X.509 certificates
[    1.532284] Loaded X.509 cert 'Canonical Ltd. Secure Boot Signing: 61482aa2830d0ab2ad5af10b7250da9033ddcef0'
[    1.540037] Loaded X.509 cert 'Canonical Ltd. Secure Boot Signing (2017): 242ade75ac4a15e50d50c84b0d45ff3eae707a03'
[    1.548784] Loaded X.509 cert 'Canonical Ltd. Secure Boot Signing (ESM 2018): 365188c1d374d6b07c3c8f240f8ef722433d6a8b'
[    1.557643] Loaded X.509 cert 'Canonical Ltd. Secure Boot Signing (2019): c0746fd6c5da3ae827864651ad66ae47fe24b3e8'
[    1.566010] Loaded X.509 cert 'Canonical Ltd. Secure Boot Signing (2021 v1): a8d54bbb3825cfb94fa13c9f8a594a195c107b8d'
[    1.574851] Loaded X.509 cert 'Canonical Ltd. Secure Boot Signing (2021 v2): 4cf046892d6fd3c9a5b03f98d845f90851dc6a8c'
[    1.583667] Loaded X.509 cert 'Canonical Ltd. Secure Boot Signing (2021 v3): 100437bb6de6e469b581e61cd66bce3ef4ed53af'
[    1.592577] Loaded X.509 cert 'Canonical Ltd. Secure Boot Signing (Ubuntu Core 2019): c1d57b8f6b743f23ee41f4f7ee292f06eecadfb9'
[    1.601891] zswap: loaded using pool lzo/zbud
[    1.609926] Key type big_key registered
[    1.613560] Key type trusted registered
[    1.618585] Key type encrypted registered
[    1.622142] AppArmor: AppArmor sha1 policy hashing enabled
[    1.626568] ima: No TPM chip found, activating TPM-bypass! (rc=-19)
[    1.631835] ima: Allocated hash algorithm: sha1
[    1.635640] evm: HMAC attrs: 0x1
[    1.638896]   Magic number: 0:286:249
[    1.642290] rtc_cmos rtc_cmos: setting system clock to 2024-11-10 22:14:49 UTC (1731276889)
[    1.648909] BIOS EDD facility v0.16 2004-Jun-25, 0 devices found
[    1.654239] EDD information not available.
[    1.660278] Freeing unused kernel image memory: 2480K
[    1.672456] Write protecting the kernel read-only data: 20480k
[    1.677868] Freeing unused kernel image memory: 2008K
[    1.682129] Freeing unused kernel image memory: 1820K
[    1.691351] x86/mm: Checked W+X mappings: passed, no W+X pages found.
[    1.697299] x86/mm: Checking user space page tables
[    1.706061] x86/mm: Checked W+X mappings: passed, no W+X pages found.
Loading, please wait...
starting version 237
[    1.808823] e1000: Intel(R) PRO/1000 Network Driver - version 7.3.21-k8-NAPI
[    1.816130] e1000: Copyright (c) 1999-2006 Intel Corporation.
[    1.822500] Fusion MPT base driver 3.04.20
[    1.826957] Copyright (c) 1999-2008 LSI Corporation
[    1.854199] SSE version of gcm_enc/dec engaged.
[    1.884741] Fusion MPT SPI Host driver 3.04.20
[    2.089466] input: ImExPS/2 Generic Explorer Mouse as /devices/platform/i8042/serio1/input/input4
[    2.563017] e1000 0000:00:03.0 eth0: (PCI:33MHz:32-bit) 02:3b:7b:b7:3b:2d
[    2.568836] e1000 0000:00:03.0 eth0: Intel(R) PRO/1000 Network Connection
[    2.576755] e1000 0000:00:03.0 enp0s3: renamed from eth0
[    2.582866] mptbase: ioc0: Initiating bringup
[    2.697896] ioc0: LSI53C1030 A0: Capabilities={Initiator}
[    2.970396] scsi host2: ioc0: LSI53C1030 A0, FwRev=00000000h, Ports=1, MaxQ=256, IRQ=20
[    3.149569] scsi 2:0:0:0: Direct-Access     VBOX     HARDDISK         1.0  PQ: 0 ANSI: 5
[    3.166171] scsi target2:0:0: Beginning Domain Validation
[    3.176315] scsi target2:0:0: Domain Validation skipping write tests
[    3.182024] scsi target2:0:0: Ending Domain Validation
[    3.186879] scsi target2:0:0: asynchronous
[    3.192542] scsi 2:0:1:0: Direct-Access     VBOX     HARDDISK         1.0  PQ: 0 ANSI: 5
[    3.199395] scsi target2:0:1: Beginning Domain Validation
[    3.211681] scsi target2:0:1: Domain Validation skipping write tests
[    3.217898] scsi target2:0:1: Ending Domain Validation
[    3.223462] scsi target2:0:1: asynchronous
[    3.239250] sd 2:0:0:0: [sda] 83886080 512-byte logical blocks: (42.9 GB/40.0 GiB)
[    3.245957] sd 2:0:0:0: Attached scsi generic sg0 type 0
[    3.250843] sd 2:0:0:0: [sda] Write Protect is off
[    3.256323] sd 2:0:1:0: [sdb] 20480 512-byte logical blocks: (10.5 MB/10.0 MiB)
[    3.262865] sd 2:0:1:0: Attached scsi generic sg1 type 0
[    3.267812] sd 2:0:1:0: [sdb] Write Protect is off
[    3.272186] sd 2:0:0:0: [sda] Incomplete mode parameter data
[    3.276693] sd 2:0:0:0: [sda] Assuming drive cache: write through
[    3.282275] sd 2:0:1:0: [sdb] Incomplete mode parameter data
[    3.287410] sd 2:0:1:0: [sdb] Assuming drive cache: write through
[    3.295162]  sda: sda1
[    3.299795] sd 2:0:0:0: [sda] Attached SCSI disk
[    3.305859] sd 2:0:1:0: [sdb] Attached SCSI disk
Begin: Loading essential drivers ... [    5.044171] raid6: sse2x1   gen() 13549 MB/s
[    5.096043] raid6: sse2x1   xor()  9515 MB/s
[    5.160042] raid6: sse2x2   gen() 20932 MB/s
[    5.212250] raid6: sse2x2   xor() 11470 MB/s
[    5.268129] raid6: sse2x4   gen() 19656 MB/s
[    5.320157] raid6: sse2x4   xor() 12981 MB/s
[    5.324144] raid6: using algorithm sse2x2 gen() 20932 MB/s
[    5.328589] raid6: .... xor() 11470 MB/s, rmw enabled
[    5.333238] raid6: using ssse3x2 recovery algorithm
[    5.338715] xor: measuring software checksum speed
[    5.448109]    prefetch64-sse: 56199.000 MB/sec
[    5.556101]    generic_sse: 53985.000 MB/sec
[    5.560108] xor: using function: prefetch64-sse (56199.000 MB/sec)
[    5.566511] async_tx: api initialized (async)
done.
Begin: Running /scripts/init-premount ... done.
Begin: Mounting root file system ... Begin: Running /scripts/local-top ... done.
Begin: Running /scripts/local-premount ... [    5.626430] Btrfs loaded, crc32c=crc32c-intel
Scanning for Btrfs filesystems
done.
Warning: fsck not present, so skipping root file system
[    5.680455] EXT4-fs (sda1): mounted filesystem with ordered data mode. Opts: (null)
done.
Begin: Running /scripts/local-bottom ... done.
Begin: Running /scripts/init-bottom ... done.
[    5.931599] ip_tables: (C) 2000-2006 Netfilter Core Team
[    5.953195] systemd[1]: systemd 237 running in system mode. (+PAM +AUDIT +SELINUX +IMA +APPARMOR +SMACK +SYSVINIT +UTMP +LIBCRYPTSETUP +GCRYPT +GNUTLS +ACL +XZ +LZ4 +SECCOMP +BLKID +ELFUTILS +KMOD -IDN2 +IDN -PCRE2 default-hierarchy=hybrid)
[    5.970675] systemd[1]: Detected virtualization oracle.
[    5.975297] systemd[1]: Detected architecture x86-64.

Welcome to [1mUbuntu 18.04.6 LTS[0m!

[    5.984853] systemd[1]: Set hostname to <ubuntu>.
[    5.995501] systemd[1]: Initializing machine ID from random generator.
[    6.001043] systemd[1]: Installed transient /etc/machine-id file.
[    6.343434] systemd[1]: Reached target Swap.
[[0;32m  OK  [0m] Reached target Swap.
[    6.351331] systemd[1]: Created slice User and Session Slice.
[[0;32m  OK  [0m] Created slice User and Session Slice.
[    6.360057] systemd[1]: Started Forward Password Requests to Wall Directory Watch.
[[0;32m  OK  [0m] Started Forward Password Requests to Wall Directory Watch.
[    6.370936] systemd[1]: Reached target Mounting snaps.
[[0;32m  OK  [0m] Reached target Mounting snaps.
[[0;32m  OK  [0m] Reached target User and Group Name Lookups.
[[0;32m  OK  [0m] Created slice System Slice.
[[0;32m  OK  [0m] Listening on Syslog Socket.
[[0;32m  OK  [0m] Listening on Journal Audit Socket.
[[0;32m  OK  [0m] Listening on Network Service Netlink Socket.
[[0;32m  OK  [0m] Set up automount Arbitrary Executab…rmats File System Automount Point.
[[0;32m  OK  [0m] Listening on udev Control Socket.
[[0;32m  OK  [0m] Reached target System Time Synchronized.
[[0;32m  OK  [0m] Listening on /dev/initctl Compatibility Named Pipe.
[[0;32m  OK  [0m] Listening on LVM2 metadata daemon socket.
[[0;32m  OK  [0m] Listening on Device-mapper event daemon FIFOs.
[[0;32m  OK  [0m] Reached target Slices.
[[0;32m  OK  [0m] Listening on Journal Socket.
         Starting Create list of required st…ce nodes for the current kernel...
         Starting Load Kernel Modules...
         Starting Set the console keyboard layout...
         Mounting Huge Pages File System...
[    6.460684] Loading iSCSI transport class v2.0-870.
         Starting Monitoring of LVM2 mirrors…ng dmeventd or progress polling...
         Mounting POSIX Message Queue File System...
         Mounting Kernel Debug File System...
[[0;32m  OK  [0m] Listening on udev Kernel Socket.
         Starting udev Coldplug all Devices...
         Starting Uncomplicated firewall...
[[0;32m  OK  [0m] Reached target Mounted snaps.
[[0;32m  OK  [0m] Created slice system-serial\x2dgetty.slice.
[[0;32m  OK  [0m] Listening on fsck to fsckd communication Socket.
         Starting File System Check on Root Device...
[[0;32m  OK  [0m] Listening on LVM2 poll daemon socket.
[[    6.539266] iscsi: registered transport (tcp)
[0;32m  OK  [0m] Listening on Journal Socket (/dev/log).
         Starting Journal Service...
[[0;32m  OK  [0m] Started Create list of required sta…vice nodes for the current kernel.
[[0;32m  OK  [0m] Mounted Huge Pages File System.
[[0;32m  OK  [0m] Mounted POSIX Message Queue File System.
[[0;32m  OK  [0m] Mounted Kernel Debug File System.
[[0;32m  OK  [0m] Started Uncomplicated firewall.
[[0;32m  OK  [0m] Started File System Check Daemon to report status.
[[0;32m  OK  [0m] Started LVM2 metadata daemon.
         Starting Create Static Device Nodes in /dev...
[[0;32m  OK  [0m] Started Journal Service.
[[0;32m  OK  [0m] Started udev Coldplug all Devices.
[[0;32m  OK  [0m] Started Create Static Device Nodes in /dev.
[[0;32m  OK  [0m] Started File System Check on Root Device.
         [    6.726975] iscsi: registered transport (iser)
Starting Remount Root and Kernel File Systems...
[[0;32m  OK  [0m] Started Load Kernel Modules.
         Starting Apply Kernel Variables...
         Mounting FUSE Control File System...
         Mounting Kernel Configuration File System...
[[0;32m  OK  [0m] Started Monitoring of LVM2 mirrors,…sing dmeventd or progress polling.[    6.779392] EXT4-fs (sda1): re-mounted. Opts: (null)

[[0;32m  OK  [0m] Mounted FUSE Control File System.
[[0;32m  OK  [0m] Mounted Kernel Configuration File System.
[[0;32m  OK  [0m] Started Remount Root and Kernel File Systems.
         Starting udev Kernel Device Manager...
         Starting Load/Save Random Seed...
         Starting Flush Journal to Persistent Storage...
[[0;32m  OK  [0m] Started Apply Kernel Variables.
[[0;32m  OK  [0m] Started udev Kernel Device Manager.
[[0;32m  OK  [0m] Started Load/Save Random Seed.
[[0;32m  OK  [0m] Started Flush Journal to Persistent Storage.
[[0;32m  OK  [0m] Found device /dev/ttyS0.
[[0;32m  OK  [0m] Listening on Load/Save RF Kill Switch Status /dev/rfkill Watch.
[[0;32m  OK  [0m] Started Set the console keyboard layout.
[[0;32m  OK  [0m] Started Dispatch Password Requests to Console Directory Watch.
[[0;32m  OK  [0m] Reached target Local Encrypted Volumes.
[[0;32m  OK  [0m] Reached target Local File Systems (Pre).
[[0;32m  OK  [0m] Reached target Local File Systems.
         Starting ebtables ruleset management...
         Starting Commit a transient machine-id on disk...
         Starting Set console font and keymap...
         Starting AppArmor initialization...
         Starting Create Volatile Files and Directories...
         Starting Tell Plymouth To Write Out Runtime Data...
[[0;32m  OK  [0m] Started Tell Plymouth To Write Out Runtime Data.
[[0;32m  OK  [0m] Started Create Volatile Files and Directories.
         Starting Update UTMP about System Boot/Shutdown...
[[0;32m  OK  [0m] Started Commit a transient machine-id on disk.
[[0;32m  OK  [0m] Started Update UTMP about System Boot/Shutdown.
[[0;32m  OK  [0m] Started ebtables ruleset management.
         Mounting Arbitrary Executable File Formats File System...
[[0;32m  OK  [0m] Mounted Arbitrary Executable File Formats File System.
[[0;32m  OK  [0m] Started AppArmor initialization.
         Starting Initial cloud-init job (pre-networking)...
         Starting Load AppArmor profiles managed internally by snapd...
[[0;32m  OK  [0m] Started Load AppArmor profiles managed internally by snapd.
[[0;32m  OK  [0m] Started Set console font and keymap.
[   11.184911] cloud-init[754]: Cloud-init v. 23.1.2-0ubuntu0~18.04.1 running 'init-local' at Sun, 10 Nov 2024 22:14:58 +0000. Up 10.88 seconds.
[[0;32m  OK  [0m] Started Initial cloud-init job (pre-networking).
[[0;32m  OK  [0m] Reached target Network (Pre).
         Starting Network Service...
[[0;32m  OK  [0m] Started Network Service.
         Starting Wait for Network to be Configured...
         Starting Network Name Resolution...
[[0;32m  OK  [0m] Started Network Name Resolution.
[[0;32m  OK  [0m] Reached target Host and Network Name Lookups.
[[0;32m  OK  [0m] Reached target Network.
[[0;32m  OK  [0m] Started Wait for Network to be Configured.
         Starting Initial cloud-init job (metadata service crawler)...
[   13.209112] cloud-init[888]: Cloud-init v. 23.1.2-0ubuntu0~18.04.1 running 'init' at Sun, 10 Nov 2024 22:15:00 +0000. Up 13.10 seconds.
[   13.223149] cloud-init[888]: ci-info: ++++++++++++++++++++++++++++++++++++++Net device info++++++++++++++++++++++++++++++++++++++
[   13.234263] cloud-init[888]: ci-info: +--------+------+----------------------------+---------------+--------+-------------------+
[   13.246555] cloud-init[888]: ci-info: | Device |  Up  |          Address           |      Mask     | Scope  |     Hw-Address    |
[   13.263098] cloud-init[888]: ci-info: +--------+------+----------------------------+---------------+--------+-------------------+
[   13.276350] cloud-init[888]: ci-info: | enp0s3 | True |         10.0.2.15          | 255.255.255.0 | global | 02:3b:7b:b7:3b:2d |
[   13.288509] cloud-init[888]: ci-info: | enp0s3 | True | fd00::3b:7bff:feb7:3b2d/64 |       .       | global | 02:3b:7b:b7:3b:2d |
[   13.298214] cloud-init[888]: ci-info: | enp0s3 | True | fe80::3b:7bff:feb7:3b2d/64 |       .       |  link  | 02:3b:7b:b7:3b:2d |
[   13.306299] cloud-init[888]: ci-info: |   lo   | True |         127.0.0.1          |   255.0.0.0   |  host  |         .         |
[   13.320267] cloud-init[888]: ci-info: |   lo   | True |          ::1/128           |       .       |  host  |         .         |
[   13.331871] cloud-init[888]: ci-info: +--------+------+----------------------------+---------------+--------+-------------------+
[   13.341512] cloud-init[888]: ci-info: ++++++++++++++++++++++++++++Route IPv4 info+++++++++++++++++++++++++++++
[   13.351887] cloud-init[888]: ci-info: +-------+-------------+----------+-----------------+-----------+-------+
[   13.358962] cloud-init[888]: ci-info: | Route | Destination | Gateway  |     Genmask     | Interface | Flags |
[   13.368578] cloud-init[888]: ci-info: +-------+-------------+----------+-----------------+-----------+-------+
[   13.380244] cloud-init[888]: ci-info: |   0   |   0.0.0.0   | 10.0.2.2 |     0.0.0.0     |   enp0s3  |   UG  |
[   13.389043] cloud-init[888]: ci-info: |   1   |   10.0.2.0  | 0.0.0.0  |  255.255.255.0  |   enp0s3  |   U   |
[   13.400496] cloud-init[888]: ci-info: |   2   |   10.0.2.2  | 0.0.0.0  | 255.255.255.255 |   enp0s3  |   UH  |
[   13.409783] cloud-init[888]: ci-info: +-------+-------------+----------+-----------------+-----------+-------+
[   13.419976] cloud-init[888]: ci-info: +++++++++++++++++++Route IPv6 info+++++++++++++++++++
[   13.430344] cloud-init[888]: ci-info: +-------+-------------+---------+-----------+-------+
[   13.436473] cloud-init[888]: ci-info: | Route | Destination | Gateway | Interface | Flags |
[   13.457389] cloud-init[888]: ci-info: +-------+-------------+---------+-----------+-------+
[   13.466339] cloud-init[888]: ci-info: |   1   |  fd00::/64  |    ::   |   enp0s3  |   U   |
[   13.473194] cloud-init[888]: ci-info: |   2   |  fe80::/64  |    ::   |   enp0s3  |   U   |
[   13.482319] cloud-init[888]: ci-info: |   3   |     ::/0    | fe80::2 |   enp0s3  |   UG  |
[   13.505875] cloud-init[888]: ci-info: |   5   |    local    |    ::   |   enp0s3  |   U   |
[   13.519062] cloud-init[888]: ci-info: |   6   |   ff00::/8  |    ::   |   enp0s3  |   U   |
[   13.527254] cloud-init[888]: ci-info: +-------+-------------+---------+-----------+-------+
[   14.262235] cloud-init[888]: Generating public/private rsa key pair.
[   14.274168] cloud-init[888]: Your identification has been saved in /etc/ssh/ssh_host_rsa_key.
[   14.285099] cloud-init[888]: Your public key has been saved in /etc/ssh/ssh_host_rsa_key.pub.
[   14.296221] cloud-init[888]: The key fingerprint is:
[   14.307050] cloud-init[888]: SHA256:qnNFPDxU7Jd1q9fZ0tSWtBWziYDtPK0Gcv8HoUZXzy4 root@ubuntu-bionic
[   14.312315] cloud-init[888]: The key's randomart image is:
[   14.328227] cloud-init[888]: +---[RSA 2048]----+
[   14.332422] cloud-init[888]: |         o+.   o.|
[[0;32m  OK  [0m] Started Initial cloud-init job (metadata service crawler).[   14.340891] cloud-init[888]: |        ..... oo*|

[[0;32m  OK  [0m] Reached target Cloud-config availability.[   14.349166] cloud-init[888]: |       + .o .+o=B|
[[0;32m  OK  [0m] Reached target System Initialization.
         
[   14.362893] cloud-initStarting Socket activation for snappy daemon.
         Starting LXD - unix socket.
[888]: |       .*o.=o+ +*|
[   14.374894] cloud-init[[0;32m  OK  [0m] Started Daily apt download activities.
[[0;32m  OK  [0m] Started Daily apt upgrade and clean activities.[888]: 
|       .So+.= o=+|[[0;32m  OK  [0m] Started ACPI Events Check.

[   14.397221] cloud-init[888]: |       ..  * oEo=|[[0;32m  OK  [0m] Listening on ACPID Listen Socket.

[[0;32m  OK  [0m] Listening on D-Bus System Message Bus Socket.[   14.408469] cloud-init[888]: |      ..  o . oo |
[   14.411996] 
[[0;32m  OK  [0m] Listening on Open-iSCSI iscsid Socket.cloud-init[888]: |    ...      . . |
[   14.419651] 
[[0;32m  OK  [0m] Started Discard unused blocks once a week.cloud-init[888]: |    .o        .  |
[   14.427381] 
[[0;32m  OK  [0m] Started Daily Cleanup of Temporary Directories.cloud-init[888]: +----[SHA256]-----+
[   14.435259] cloud-init
[[0;32m  OK  [0m] Listening on cloud-init hotplug hook socket.[888]: Generating public/private dsa key pair.
[   14.443374] 
[[0;32m  OK  [0m] Listening on UUID daemon activation socket.cloud-init[888]: Your identification has been saved in /etc/ssh/ssh_host_dsa_key.
[   14.451890] 
[[0;32m  OK  [0m] Started Ubuntu Advantage Timer for running repeated jobs.cloud-init[888]: Your public key has been saved in /etc/ssh/ssh_host_dsa_key.pub.
[[0;32m  OK  [0m] Reached target Paths.

[   14.465277] cloud-init[888]: The key fingerprint is:
[   14.468983] cloud-init[888]: SHA256:TcEfaL8XXS1rbiYzSbo/Nn2DRCTfUmPZ0ZItccrSVlM root@ubuntu-bionic[[0;32m  OK  [0m] Started Message of the Day.
[[0;32m  OK  [0m] Reached target Timers.

[   14.481043] cloud-init[888]: The key's randomart image is:[[0;32m  OK  [0m] Reached target Network is Online.

[   14.489024] cloud-init[888]: +---[DSA 1024]----+
         Starting Availability of block devices...
[[   14.496510] cloud-init[888]: |         ...  .*E|
[0;32m  OK  [0m] Reached target Remote File Systems (Pre).
[[0;32m  OK  [0m] Reached target Remote File Systems.
[[0;32m  OK  [0m[   14.515420] cloud-init[888]: |          +o.+=OB|
[   14.519902] ] Listening on Socket activation for snappy daemon.
[[0;32m  OK  [0m] Listening on LXD - unix socket.
[[0;32m  OK  [0m] cloud-init[888]: |         ..o=.O*o|
[   14.535397] Started Availability of block devices.
[[0;32m  OK  [0m] Reached target Sockets.
[[0;32m  OK  [0m] Reached target Basic System.cloud-init[888]: |         o  +*+..|

[[0;32m  OK  [0m] Started Regular background program processing daemon.[   14.559644] 
cloud-init[[0;32m  OK  [0m] Started Deferred execution scheduler.
[888]: |        S .o.=.. |[[0;32m  OK  [0m] Started FUSE filesystem for LXC.
[   14.579089] cloud-init
         Starting LXD - container startup/shutdown...
         [888]: |          . *.=  |
Starting LSB: Record successful boot for GRUB...
[   14.607809] cloud-init[888]: |           ..O.  |
[   14.620699] cloud-init[888]: |          . +....|
[   14.629092] cloud-init[888]: |           o.o ..|
[   14.639689] cloud-init[888]: +----[SHA256]-----+
[   14.650415] cloud-init[888]: Generating public/private ecdsa key pair.
[   14.664447] cloud-init[888]: Your identification has been saved in /etc/ssh/ssh_host_ecdsa_key.
[   14.677830] cloud-init[888]: Your public key has been saved in /etc/ssh/ssh_host_ecdsa_key.pub.
[   14.690665] cloud-init[888]: The key fingerprint is:
[   14.700575] cloud-init[888]: SHA256:Jz27KWMVSSLd/NbpKQmS1jO2iXrhzo9ucnjqgFSgB7A root@ubuntu-bionic
[   14.725320] cloud-init[888]: The key's randomart image is:
[   14.742767] cloud-init[888]: +---[ECDSA 256]---+
[   14.751060] cloud-init[888]: |+ .    . o       |
[   14.757722] cloud-init[888]: | + .  . o +      |
[   14.763454]          Starting Snap Daemon...
cloud-init[888]:          Starting Dispatcher daemon for systemd-networkd...
         |E . .  . = o . . |Starting LSB: automatic crash report generation...

         Starting System Logging Service...
[   14.791065] cloud-init         Starting Login Service...
[888]: | . .    +.O o o  |
[   14.817230] cloud-init[888]: |  .    .S++O o . |
[   14.835733] cloud-init[888]: | . .    oo+oo o  |
[   14.848627] cloud-init[888]: |  . .  + o.  .   |
[   14.860244] cloud-init[888]: |     .+.X. o     |
[   14.869720] cloud-init[888]: |     .o@=++      |
[   14.877404] cloud-init[888]: +----[SHA256]-----+
[   14.890622] cloud-init[888]: Generating public/private ed25519 key pair.
         Starting Pollinate to seed the pseudo random number generator...[   14.914750] 
         Starting Accounts Service...
cloud-init         Starting Virtualbox guest utils...[888]: 
Your identification has been saved in /etc/ssh/ssh_host_ed25519_key.
[   14.972681] cloud-init[888]: Your public key has been saved in /etc/ssh/ssh_host_ed25519_key.pub.
[   14.990950] cloud-init[888]: The key fingerprint is:
[   15.005439] cloud-init[888]: SHA256:OmeVMUDqDS2gRFHZ1lnxkaXBWd9Y1u/ftc8xEQ2ELeM root@ubuntu-bionic
[   15.048449] cloud-init[888]: [[0;32m  OK  [0m] Started irqbalance daemon.
[[0;32m  OK  [0m] Started D-Bus System Message Bus.The key's randomart image is:

[   15.111117] cloud-init[888]: +--[ED25519 256]--+
[   15.133316] cloud-init[888]: | .+ooo ooooooO= +|
[   15.144508] cloud-init[888]: | . ...ooo. .B+.*+|
[   15.155150] cloud-init[888]: [[0;32m  OK  [0m] Started Login Service.
[|  .  .+ . o.oo..=|[0;32m  OK  [0m] Reached target Login Prompts (Pre).

[[0;32m  OK  [0m] Started Unattended Upgrades Shutdown.
[   15.189263] cloud-init         Starting Permit User Sessions...
[888]: [|     . +   +E   o|[0;32m  OK  [0m] Started System Logging Service.

[[0;32m  OK  [0m] Started LXD - container startup/shutdown.
[   15.272644] cloud-init[888]: |      . S o    o |
[   15.286340] cloud-init[[0;32m  OK  [0m] Started Permit User Sessions.
[888]: |       . .      +|
[   15.309952] cloud-init[888]: |      o o      o=|
         Starting Authorization Manager...
         Starting Hold until boot process finishes up...
         Starting Terminate Plymouth Boot Screen...
         Starting Hostname Service...
[[0;32m  OK  [0m] Started LSB: automatic crash report generation.
[[0;32m  OK  [0m] Started Hold until boot process finishes up.
         Starting Set console scheme...
[[0;32m  OK  [0m] Started Serial Getty on ttyS0.
[[0;32m  OK  [0m] Started Terminate Plymouth Boot Screen.
[   15.457226] cloud-init[[0;32m  OK  [0m] Started Set console scheme.
[[0;32m  OK  [0m] Created slice system-getty.slice.
[888]: [[0;32m  OK  [0m] Started Getty on tty1.
[[0;32m  OK  [0m] Reached target Login Prompts.
|       +       o=|[[0;32m  OK  [0m] Started Authorization Manager.

[[0;32m  OK  [0m] Started Accounts Service.
[[0;32m  OK  [0m] Started Hostname Service.
[[0;32m  OK  [0m] Started LSB: Record successful boot for GRUB.
[   15.552856] cloud-init[888]: |                +|
[   15.575874] cloud-init[888]: +----[SHA256]-----+
[[0;32m  OK  [0m] Started Virtualbox guest utils.
[[0;32m  OK  [0m] Started Dispatcher daemon for systemd-networkd.
[[0;32m  OK  [0m] Started Snap Daemon.
         Starting Wait until snapd is fully seeded...
[[0;32m  OK  [0m] Started Pollinate to seed the pseudo random number generator.
         Starting OpenBSD Secure Shell server...
[[0;32m  OK  [0m] Started OpenBSD Secure Shell server.
         Starting Time & Date Service...
[[0;32m  OK  [0m] Started Time & Date Service.
[[0;32m  OK  [0m] Created slice User Slice of vagrant.
[[0;32m  OK  [0m] Started Session 1 of user vagrant.
         Starting User Manager for UID 1000...
[[0;32m  OK  [0m] Started User Manager for UID 1000.
[[0;32m  OK  [0m] Started Wait until snapd is fully seeded.
         Starting Apply the settings specified in cloud-config...
[   21.075863] cloud-init[1383]: Cloud-init v. 23.1.2-0ubuntu0~18.04.1 running 'modules:config' at Sun, 10 Nov 2024 22:15:07 +0000. Up 19.96 seconds.

Ubuntu 18.04.6 LTS ubuntu-bionic ttyS0

ubuntu-bionic login: ci-info: no authorized SSH keys fingerprints found for user ubuntu.
<14>Nov 10 22:15:10 cloud-init: #############################################################
<14>Nov 10 22:15:10 cloud-init: -----BEGIN SSH HOST KEY FINGERPRINTS-----
<14>Nov 10 22:15:10 cloud-init: 1024 SHA256:TcEfaL8XXS1rbiYzSbo/Nn2DRCTfUmPZ0ZItccrSVlM root@ubuntu-bionic (DSA)
<14>Nov 10 22:15:10 cloud-init: 256 SHA256:Jz27KWMVSSLd/NbpKQmS1jO2iXrhzo9ucnjqgFSgB7A root@ubuntu-bionic (ECDSA)
<14>Nov 10 22:15:10 cloud-init: 256 SHA256:OmeVMUDqDS2gRFHZ1lnxkaXBWd9Y1u/ftc8xEQ2ELeM root@ubuntu-bionic (ED25519)
<14>Nov 10 22:15:10 cloud-init: 2048 SHA256:qnNFPDxU7Jd1q9fZ0tSWtBWziYDtPK0Gcv8HoUZXzy4 root@ubuntu-bionic (RSA)
<14>Nov 10 22:15:10 cloud-init: -----END SSH HOST KEY FINGERPRINTS-----
<14>Nov 10 22:15:10 cloud-init: #############################################################
-----BEGIN SSH HOST KEY KEYS-----
ecdsa-sha2-nistp256 AAAAE2VjZHNhLXNoYTItbmlzdHAyNTYAAAAIbmlzdHAyNTYAAABBBJudbXHj97QeFRjqEmrey2BjoOS0VpWTeoj9F9+JA5X7cWPXgEimH7d4KA+IKQeL9vBcSgiY7crxa9HwRZ5WyPM= root@ubuntu-bionic
ssh-ed25519 AAAAC3NzaC1lZDI1NTE5AAAAILuxdfF66LuvfAzV08wWcLoi7CDoJPNkL15WaVMe05oO root@ubuntu-bionic
ssh-rsa AAAAB3NzaC1yc2EAAAADAQABAAABAQDAchDhyrO1i2NhqJtSowDGIGExWspe9Qy64ADtksVN9zgsCJTM9+NaCojSTARfC2rXN2RflpgcoFsqe4rvK4jV10H+MQ2Wqz+ww7mrDujCKDBjf0CHYPFwer1GdrCKl9C4eGr+zcmco2+LSvQEkSsSj2gpF3ElsllFMntTG6zMxcByesWSgVHgIN1AvgeUBRN+Yx07tyZcR2+K4utlbtd+M9xmRTBARCZgk3MEgmODQyd+MmSYNCN1l6lmXVqwT4l1xOB+0CO9us0SOsrZbt3LuMqVZxe/GKkDZP22sJd14mWqvhI29WJxj1dZDVrh8A85v6Xi/coGPgAlgusFyGsV root@ubuntu-bionic
-----END SSH HOST KEY KEYS-----
[   22.475421] cloud-init[1542]: Cloud-init v. 23.1.2-0ubuntu0~18.04.1 running 'modules:final' at Sun, 10 Nov 2024 22:15:10 +0000. Up 22.19 seconds.
[   22.550596] cloud-init[1542]: Cloud-init v. 23.1.2-0ubuntu0~18.04.1 finished at Sun, 10 Nov 2024 22:15:10 +0000. Datasource DataSourceNoCloud [seed=/dev/sdb][dsmode=net].  Up 22.46 seconds
